<?xml version="1.0" encoding="UTF-8"?>
<!-- Generated by org.testng.reporters.JUnitReportReporter -->
<testsuite hostname="Xiho-Icy" name="com.PageTest.back.ShopImagetitle" tests="2" failures="0" timestamp="14 Dec 2017 12:29:09 GMT" time="50.009" errors="0">
  <testcase name="Image" time="25.694" classname="com.PageTest.back.ShopImagetitle"/>
  <testcase name="Login" time="24.315" classname="com.PageTest.back.ShopImagetitle"/>
</testsuite> <!-- com.PageTest.back.ShopImagetitle -->
