<?xml version="1.0" encoding="UTF-8"?>
<!-- Generated by org.testng.reporters.JUnitReportReporter -->
<testsuite hostname="Xiho-Icy" name="com.PageTest.forword.SportRushTest" tests="3" failures="0" timestamp="14 Dec 2017 12:29:09 GMT" time="32.130" errors="0">
  <testcase name="Rush" time="6.251" classname="com.PageTest.forword.SportRushTest"/>
  <testcase name="Login" time="16.938" classname="com.PageTest.forword.SportRushTest"/>
  <testcase name="sportClick" time="8.941" classname="com.PageTest.forword.SportRushTest"/>
</testsuite> <!-- com.PageTest.forword.SportRushTest -->
