<?xml version="1.0" encoding="UTF-8"?>
<!-- Generated by org.testng.reporters.JUnitReportReporter -->
<testsuite hostname="Xiho-Icy" name="com.PageTest.back.ShopImage" tests="2" failures="0" timestamp="14 Dec 2017 12:29:09 GMT" time="50.410" errors="0">
  <testcase name="Image" time="25.985" classname="com.PageTest.back.ShopImage"/>
  <testcase name="Login" time="24.425" classname="com.PageTest.back.ShopImage"/>
</testsuite> <!-- com.PageTest.back.ShopImage -->
