<?xml version="1.0" encoding="UTF-8"?>
<!-- Generated by org.testng.reporters.JUnitReportReporter -->
<testsuite hostname="Xiho-Icy" name="com.PageTest.back.LinkClickTest" tests="2" failures="0" timestamp="14 Dec 2017 12:29:09 GMT" time="31.782" errors="0">
  <testcase name="Login" time="24.525" classname="com.PageTest.back.LinkClickTest"/>
  <testcase name="Linkclick" time="7.257" classname="com.PageTest.back.LinkClickTest"/>
</testsuite> <!-- com.PageTest.back.LinkClickTest -->
