<?xml version="1.0" encoding="UTF-8"?>
<!-- Generated by org.testng.reporters.JUnitReportReporter -->
<testsuite hostname="Xiho-Icy" name="com.PageTest.forword.RecommendTest" tests="9" failures="0" timestamp="14 Dec 2017 12:29:09 GMT" time="29.202" errors="0">
  <testcase name="Login" time="11.717" classname="com.PageTest.forword.RecommendTest"/>
  <testcase name="priceReduction" time="0.020" classname="com.PageTest.forword.RecommendTest"/>
  <testcase name="selectColor" time="0.065" classname="com.PageTest.forword.RecommendTest"/>
  <testcase name="selectAdd" time="0.080" classname="com.PageTest.forword.RecommendTest"/>
  <testcase name="addtoCart" time="0.030" classname="com.PageTest.forword.RecommendTest"/>
  <testcase name="addNum" time="0.050" classname="com.PageTest.forword.RecommendTest"/>
  <testcase name="underClick" time="8.965" classname="com.PageTest.forword.RecommendTest"/>
  <testcase name="selectSize" time="0.035" classname="com.PageTest.forword.RecommendTest"/>
  <testcase name="goodClick" time="8.240" classname="com.PageTest.forword.RecommendTest"/>
</testsuite> <!-- com.PageTest.forword.RecommendTest -->
