<?xml version="1.0" encoding="UTF-8"?>
<!-- Generated by org.testng.reporters.JUnitReportReporter -->
<testsuite hostname="Xiho-Icy" name="com.PageTest.back.EmployeeDeleteTest" tests="2" failures="0" timestamp="14 Dec 2017 12:29:09 GMT" time="47.690" errors="0">
  <testcase name="Login" time="23.946" classname="com.PageTest.back.EmployeeDeleteTest"/>
  <testcase name="EDelete" time="23.744" classname="com.PageTest.back.EmployeeDeleteTest"/>
</testsuite> <!-- com.PageTest.back.EmployeeDeleteTest -->
