<?xml version="1.0" encoding="UTF-8"?>
<!-- Generated by org.testng.reporters.JUnitReportReporter -->
<testsuite hostname="Xiho-Icy" name="com.PageTest.forword.SizeTest" tests="3" failures="0" timestamp="14 Dec 2017 12:29:09 GMT" time="25.204" errors="0">
  <testcase name="sizeClick" time="4.353" classname="com.PageTest.forword.SizeTest"/>
  <testcase name="underClick" time="9.095" classname="com.PageTest.forword.SizeTest"/>
  <testcase name="Login" time="11.756" classname="com.PageTest.forword.SizeTest"/>
</testsuite> <!-- com.PageTest.forword.SizeTest -->
