<?xml version="1.0" encoding="UTF-8"?>
<!-- Generated by org.testng.reporters.JUnitReportReporter -->
<testsuite hostname="Xiho-Icy" name="com.PageTest.back.LinkChangeTest" tests="2" failures="0" timestamp="14 Dec 2017 12:29:09 GMT" time="48.806" errors="0">
  <testcase name="Linkchange" time="24.371" classname="com.PageTest.back.LinkChangeTest"/>
  <testcase name="Login" time="24.435" classname="com.PageTest.back.LinkChangeTest"/>
</testsuite> <!-- com.PageTest.back.LinkChangeTest -->
