<?xml version="1.0" encoding="UTF-8"?>
<!-- Generated by org.testng.reporters.JUnitReportReporter -->
<testsuite hostname="Xiho-Icy" name="com.PageTest.forword.MoreColorTest" tests="3" failures="0" timestamp="14 Dec 2017 12:29:09 GMT" time="47.901" errors="0">
  <testcase name="retractColor" time="13.361" classname="com.PageTest.forword.MoreColorTest"/>
  <testcase name="underClick" time="22.585" classname="com.PageTest.forword.MoreColorTest"/>
  <testcase name="Login" time="11.955" classname="com.PageTest.forword.MoreColorTest"/>
</testsuite> <!-- com.PageTest.forword.MoreColorTest -->
