<?xml version="1.0" encoding="UTF-8"?>
<!-- Generated by org.testng.reporters.JUnitReportReporter -->
<testsuite hostname="Xiho-Icy" name="com.PageTest.forword.PriceTest" tests="7" failures="0" timestamp="14 Dec 2017 12:29:09 GMT" time="65.271" errors="0">
  <testcase name="BZ" time="8.679" classname="com.PageTest.forword.PriceTest"/>
  <testcase name="underClick" time="8.756" classname="com.PageTest.forword.PriceTest"/>
  <testcase name="LB" time="8.730" classname="com.PageTest.forword.PriceTest"/>
  <testcase name="ZB" time="8.629" classname="com.PageTest.forword.PriceTest"/>
  <testcase name="BL" time="9.689" classname="com.PageTest.forword.PriceTest"/>
  <testcase name="priceClick" time="9.082" classname="com.PageTest.forword.PriceTest"/>
  <testcase name="Login" time="11.706" classname="com.PageTest.forword.PriceTest"/>
</testsuite> <!-- com.PageTest.forword.PriceTest -->
