<?xml version="1.0" encoding="UTF-8"?>
<!-- Generated by org.testng.reporters.JUnitReportReporter -->
<testsuite hostname="Xiho-Icy" name="com.PageTest.back.BackLoginFailTest" tests="1" failures="0" timestamp="14 Dec 2017 12:29:09 GMT" time="18.490" errors="0">
  <testcase name="loginFail" time="18.490" classname="com.PageTest.back.BackLoginFailTest"/>
</testsuite> <!-- com.PageTest.back.BackLoginFailTest -->
