<?xml version="1.0" encoding="UTF-8"?>
<!-- Generated by org.testng.reporters.JUnitReportReporter -->
<testsuite hostname="Xiho-Icy" name="com.PageTest.forword.NpttTest" tests="6" failures="0" timestamp="14 Dec 2017 12:29:09 GMT" time="57.130" errors="0">
  <testcase name="timeClick" time="8.798" classname="com.PageTest.forword.NpttTest"/>
  <testcase name="underClick" time="9.017" classname="com.PageTest.forword.NpttTest"/>
  <testcase name="priceClick" time="8.909" classname="com.PageTest.forword.NpttTest"/>
  <testcase name="talkClick" time="8.950" classname="com.PageTest.forword.NpttTest"/>
  <testcase name="Login" time="12.065" classname="com.PageTest.forword.NpttTest"/>
  <testcase name="proceedsClick" time="9.391" classname="com.PageTest.forword.NpttTest"/>
</testsuite> <!-- com.PageTest.forword.NpttTest -->
