<?xml version="1.0" encoding="UTF-8"?>
<!-- Generated by org.testng.reporters.JUnitReportReporter -->
<testsuite hostname="Xiho-Icy" name="com.PageTest.forword.ColorTest" tests="5" failures="0" timestamp="14 Dec 2017 12:29:09 GMT" time="48.373" errors="0">
  <testcase name="Login" time="12.573" classname="com.PageTest.forword.ColorTest"/>
  <testcase name="morecheckColor" time="13.667" classname="com.PageTest.forword.ColorTest"/>
  <testcase name="underClick" time="9.201" classname="com.PageTest.forword.ColorTest"/>
  <testcase name="colorClick" time="8.697" classname="com.PageTest.forword.ColorTest"/>
  <testcase name="checkColor" time="4.235" classname="com.PageTest.forword.ColorTest"/>
</testsuite> <!-- com.PageTest.forword.ColorTest -->
