<?xml version="1.0" encoding="UTF-8"?>
<!-- Generated by org.testng.reporters.JUnitReportReporter -->
<testsuite hostname="Xiho-Icy" name="com.PageTest.forword.PromotionTest" tests="3" failures="0" timestamp="14 Dec 2017 12:29:09 GMT" time="29.423" errors="0">
  <testcase name="saleClick" time="8.338" classname="com.PageTest.forword.PromotionTest"/>
  <testcase name="Login" time="11.388" classname="com.PageTest.forword.PromotionTest"/>
  <testcase name="underClick" time="9.697" classname="com.PageTest.forword.PromotionTest"/>
</testsuite> <!-- com.PageTest.forword.PromotionTest -->
