<?xml version="1.0" encoding="UTF-8"?>
<!-- Generated by org.testng.reporters.JUnitReportReporter -->
<testsuite hostname="Xiho-Icy" name="com.webtest.SendMail.Sendmail" tests="1" failures="0" timestamp="14 Dec 2017 12:29:50 GMT" time="30.347" errors="0">
  <testcase name="send" time="30.347" classname="com.webtest.SendMail.Sendmail"/>
</testsuite> <!-- com.webtest.SendMail.Sendmail -->
