<?xml version="1.0" encoding="UTF-8"?>
<!-- Generated by org.testng.reporters.JUnitReportReporter -->
<testsuite hostname="Xiho-Icy" name="com.PageTest.back.BackLoginSuccessTest" tests="1" failures="0" timestamp="14 Dec 2017 12:29:09 GMT" time="21.443" errors="0">
  <testcase name="loginSuccess" time="21.443" classname="com.PageTest.back.BackLoginSuccessTest"/>
</testsuite> <!-- com.PageTest.back.BackLoginSuccessTest -->
