<?xml version="1.0" encoding="UTF-8"?>
<!-- Generated by org.testng.reporters.JUnitReportReporter -->
<testsuite hostname="Xiho-Icy" name="com.PageTest.back.EmployeeReviseTest" tests="2" failures="0" timestamp="14 Dec 2017 12:29:09 GMT" time="48.202" errors="0">
  <testcase name="Login" time="24.057" classname="com.PageTest.back.EmployeeReviseTest"/>
  <testcase name="Echange" time="24.145" classname="com.PageTest.back.EmployeeReviseTest"/>
</testsuite> <!-- com.PageTest.back.EmployeeReviseTest -->
