<?xml version="1.0" encoding="UTF-8"?>
<!-- Generated by org.testng.reporters.JUnitReportReporter -->
<testsuite hostname="Xiho-Icy" name="com.PageTest.back.OrderDetailTest" tests="2" failures="0" timestamp="14 Dec 2017 12:29:09 GMT" time="44.311" errors="0">
  <testcase name="TDetail" time="20.124" classname="com.PageTest.back.OrderDetailTest"/>
  <testcase name="Login" time="24.187" classname="com.PageTest.back.OrderDetailTest"/>
</testsuite> <!-- com.PageTest.back.OrderDetailTest -->
