<?xml version="1.0" encoding="UTF-8"?>
<!-- Generated by org.testng.reporters.JUnitReportReporter -->
<testsuite hostname="Xiho-Icy" name="com.PageTest.back.ShopImagechange" tests="2" failures="0" timestamp="14 Dec 2017 12:29:09 GMT" time="50.511" errors="0">
  <testcase name="Login" time="24.643" classname="com.PageTest.back.ShopImagechange"/>
  <testcase name="Image3" time="25.868" classname="com.PageTest.back.ShopImagechange"/>
</testsuite> <!-- com.PageTest.back.ShopImagechange -->
