<?xml version="1.0" encoding="UTF-8"?>
<!-- Generated by org.testng.reporters.JUnitReportReporter -->
<testsuite hostname="Xiho-Icy" name="com.PageTest.back.EmployeeEditTest" tests="2" failures="0" timestamp="14 Dec 2017 12:29:09 GMT" time="30.153" errors="0">
  <testcase name="Login" time="23.996" classname="com.PageTest.back.EmployeeEditTest"/>
  <testcase name="Edit" time="6.157" classname="com.PageTest.back.EmployeeEditTest"/>
</testsuite> <!-- com.PageTest.back.EmployeeEditTest -->
