<?xml version="1.0" encoding="UTF-8"?>
<!-- Generated by org.testng.reporters.JUnitReportReporter -->
<testsuite hostname="Xiho-Icy" name="com.PageTest.back.EmployeeCheckTest" tests="2" failures="0" timestamp="14 Dec 2017 12:29:09 GMT" time="37.362" errors="0">
  <testcase name="Login" time="24.595" classname="com.PageTest.back.EmployeeCheckTest"/>
  <testcase name="EDelete" time="12.767" classname="com.PageTest.back.EmployeeCheckTest"/>
</testsuite> <!-- com.PageTest.back.EmployeeCheckTest -->
