<?xml version="1.0" encoding="UTF-8"?>
<!-- Generated by org.testng.reporters.JUnitReportReporter -->
<testsuite hostname="Xiho-Icy" name="com.PageTest.forword.ForLoginPageTest" tests="3" failures="0" timestamp="14 Dec 2017 12:29:09 GMT" time="21.697" errors="0">
  <testcase name="loginSuccess" time="8.396" classname="com.PageTest.forword.ForLoginPageTest"/>
  <testcase name="loginFail1" time="6.753" classname="com.PageTest.forword.ForLoginPageTest"/>
  <testcase name="loginFail2" time="6.548" classname="com.PageTest.forword.ForLoginPageTest"/>
</testsuite> <!-- com.PageTest.forword.ForLoginPageTest -->
