<?xml version="1.0" encoding="UTF-8"?>
<!-- Generated by org.testng.reporters.JUnitReportReporter -->
<testsuite hostname="Xiho-Icy" name="com.PageTest.forword.MoreColor" tests="3" failures="0" timestamp="14 Dec 2017 07:29:03 GMT" time="46.757" errors="0">
  <testcase name="underClick" time="22.127" classname="com.PageTest.forword.MoreColor"/>
  <testcase name="Login" time="11.299" classname="com.PageTest.forword.MoreColor"/>
  <testcase name="retractColor" time="13.331" classname="com.PageTest.forword.MoreColor"/>
</testsuite> <!-- com.PageTest.forword.MoreColor -->
